C:\DEV\SOLID\SOLID\DEBUG\SOLID.PCH.CODEANALYSIS
C:\DEV\SOLID\SOLID\DEBUG\SOLID.PCH.CODEANALYSISAST
C:\DEV\SOLID\SOLID\DEBUG\STDAFX.CPP.NATIVECODEANALYSIS.XML
C:\DEV\SOLID\SOLID\DEBUG\STDAFX.OBJ
C:\DEV\SOLID\SOLID\DEBUG\VC110.PDB
C:\DEV\SOLID\SOLID\DEBUG\SOLID.PCH
C:\DEV\SOLID\SOLID\DEBUG\CAMERA.CPP.NATIVECODEANALYSIS.XML
C:\DEV\SOLID\SOLID\DEBUG\CAMERA.OBJ
C:\DEV\SOLID\SOLID\DEBUG\DX11DEVICE.CPP.NATIVECODEANALYSIS.XML
C:\DEV\SOLID\SOLID\DEBUG\DX11DEVICE.OBJ
C:\DEV\SOLID\SOLID\DEBUG\DX9DEVICE.CPP.NATIVECODEANALYSIS.XML
C:\DEV\SOLID\SOLID\DEBUG\DX9DEVICE.OBJ
C:\DEV\SOLID\SOLID\DEBUG\MESH.CPP.NATIVECODEANALYSIS.XML
C:\DEV\SOLID\SOLID\DEBUG\MESH.OBJ
C:\DEV\SOLID\SOLID\DEBUG\OBJECT.CPP.NATIVECODEANALYSIS.XML
C:\DEV\SOLID\SOLID\DEBUG\OBJECT.OBJ
C:\DEV\SOLID\SOLID\DEBUG\RENDERENGINE.CPP.NATIVECODEANALYSIS.XML
C:\DEV\SOLID\SOLID\DEBUG\RENDERENGINE.OBJ
C:\DEV\SOLID\SOLID\DEBUG\SKELETALMESH.CPP.NATIVECODEANALYSIS.XML
C:\DEV\SOLID\SOLID\DEBUG\SKELETALMESH.OBJ
C:\DEV\SOLID\SOLID\DEBUG\TEXTURE.CPP.NATIVECODEANALYSIS.XML
C:\DEV\SOLID\SOLID\DEBUG\TEXTURE.OBJ
C:\DEV\SOLID\SOLID\DEBUG\VECTORES.CPP.NATIVECODEANALYSIS.XML
C:\DEV\SOLID\SOLID\DEBUG\VECTORES.OBJ
C:\DEV\SOLID\SOLID\DEBUG\MAINFRM.CPP.NATIVECODEANALYSIS.XML
C:\DEV\SOLID\SOLID\DEBUG\MAINFRM.OBJ
C:\DEV\SOLID\SOLID\DEBUG\SOLID.CPP.NATIVECODEANALYSIS.XML
C:\DEV\SOLID\SOLID\DEBUG\SOLID.OBJ
C:\DEV\SOLID\SOLID\DEBUG\SOLIDDOC.CPP.NATIVECODEANALYSIS.XML
C:\DEV\SOLID\SOLID\DEBUG\SOLIDDOC.OBJ
C:\DEV\SOLID\SOLID\DEBUG\SOLIDVIEW.CPP.NATIVECODEANALYSIS.XML
C:\DEV\SOLID\SOLID\DEBUG\SOLIDVIEW.OBJ
C:\DEV\SOLID\DEBUG\SOLID.ILK
C:\DEV\SOLID\DEBUG\SOLID.EXE
C:\DEV\SOLID\DEBUG\SOLID.PDB
C:\DEV\SOLID\SOLID\DEBUG\SOLID.RES
C:\dev\Solid\Solid\Debug\Camera.obj
C:\dev\Solid\Solid\Debug\dx11device.obj
C:\dev\Solid\Solid\Debug\dx9device.obj
C:\dev\Solid\Solid\Debug\MainFrm.obj
C:\dev\Solid\Solid\Debug\mesh.obj
C:\dev\Solid\Solid\Debug\object.obj
C:\dev\Solid\Solid\Debug\RenderEngine.obj
C:\dev\Solid\Solid\Debug\SkeletalMesh.obj
C:\dev\Solid\Solid\Debug\Solid.obj
C:\dev\Solid\Solid\Debug\SolidDoc.obj
C:\dev\Solid\Solid\Debug\SolidView.obj
C:\dev\Solid\Solid\Debug\stdafx.obj
C:\dev\Solid\Solid\Debug\texture.obj
C:\dev\Solid\Solid\Debug\Vectores.obj
C:\dev\Solid\Solid\Debug\cl.command.1.tlog
C:\dev\Solid\Solid\Debug\CL.read.1.tlog
C:\dev\Solid\Solid\Debug\CL.read.2.tlog
C:\dev\Solid\Solid\Debug\CL.write.1.tlog
C:\dev\Solid\Solid\Debug\link-cvtres.read.1.tlog
C:\dev\Solid\Solid\Debug\link-cvtres.write.1.tlog
C:\dev\Solid\Solid\Debug\link-mt.read.1.tlog
C:\dev\Solid\Solid\Debug\link-mt.write.1.tlog
C:\dev\Solid\Solid\Debug\link-rc.read.1.tlog
C:\dev\Solid\Solid\Debug\link-rc.write.1.tlog
C:\dev\Solid\Solid\Debug\link.command.1.tlog
C:\dev\Solid\Solid\Debug\link.read.1.tlog
C:\dev\Solid\Solid\Debug\link.write.1.tlog
C:\dev\Solid\Solid\Debug\NativeCodeAnalysis.read.1.tlog
C:\dev\Solid\Solid\Debug\rc.command.1.tlog
C:\dev\Solid\Solid\Debug\rc.read.1.tlog
C:\dev\Solid\Solid\Debug\rc.write.1.tlog
C:\dev\Solid\Solid\Debug\Solid.res
C:\dev\Solid\Solid\Debug\Solid.pch
C:\dev\Solid\Solid\Debug\vc110.idb
C:\dev\Solid\Solid\Debug\vc110.pdb
C:\dev\Solid\Solid\Debug\Camera.cpp.nativecodeanalysis.xml
C:\dev\Solid\Solid\Debug\dx11device.cpp.nativecodeanalysis.xml
C:\dev\Solid\Solid\Debug\dx9device.cpp.nativecodeanalysis.xml
C:\dev\Solid\Solid\Debug\MainFrm.cpp.nativecodeanalysis.xml
C:\dev\Solid\Solid\Debug\mesh.cpp.nativecodeanalysis.xml
C:\dev\Solid\Solid\Debug\object.cpp.nativecodeanalysis.xml
C:\dev\Solid\Solid\Debug\RenderEngine.cpp.nativecodeanalysis.xml
C:\dev\Solid\Solid\Debug\SkeletalMesh.cpp.nativecodeanalysis.xml
C:\dev\Solid\Solid\Debug\Solid.cpp.nativecodeanalysis.xml
C:\dev\Solid\Solid\Debug\SolidDoc.cpp.nativecodeanalysis.xml
C:\dev\Solid\Solid\Debug\SolidView.cpp.nativecodeanalysis.xml
C:\dev\Solid\Solid\Debug\stdafx.cpp.nativecodeanalysis.xml
C:\dev\Solid\Solid\Debug\texture.cpp.nativecodeanalysis.xml
C:\dev\Solid\Solid\Debug\vc.nativecodeanalysis.all.xml
C:\dev\Solid\Solid\Debug\Vectores.cpp.nativecodeanalysis.xml
C:\dev\Solid\Debug\Solid.pdb
C:\dev\Solid\Debug\Solid.exe
C:\dev\Solid\Debug\Solid.ilk
C:\dev\Solid\Debug\Solid.exe.lastcodeanalysissucceeded
